D, [2020-11-04T17:16:54] -- app: drop table todo[]
D, [2020-11-04T17:16:54] -- app: CREATE TABLE "todo" ('id' INTEGER NOT NULL PRIMARY KEY AUTOINCREMENT, 'task' VARCHAR NOT NULL CHECK (length('task') <= 255), 'status' INTEGER NOT NULL)[]
D, [2020-11-04T17:16:54] -- app: SELECT * FROM todo[]
D, [2020-11-04T17:16:54] -- app: INSERT INTO todo (task, status) VALUES (?, ?), (?, ?), (?, ?)["Nim lang", "0", "Prologue web framework", "0", "Let\'s start to study Prologue web framework", "1"]
D, [2020-11-04T17:17:04] -- app: SELECT * FROM todo[]
D, [2020-11-04T17:17:05] -- app: SELECT * FROM todo[]
D, [2020-11-04T17:17:06] -- app: SELECT * FROM todo[]
D, [2020-11-04T17:17:07] -- app: SELECT * FROM todo[]
D, [2020-11-04T17:17:08] -- app: SELECT * FROM todo[]
D, [2020-11-04T17:17:08] -- app: SELECT * FROM todo[]
D, [2020-11-04T17:17:09] -- app: SELECT * FROM todo[]
D, [2020-11-04T17:17:09] -- app: SELECT * FROM todo[]
D, [2020-11-04T17:17:10] -- app: SELECT * FROM todo[]
D, [2020-11-04T17:17:10] -- app: SELECT * FROM todo[]
D, [2020-11-04T17:17:18] -- app: SELECT * FROM todo WHERE id = ? LIMIT 1["3"]
D, [2020-11-04T17:17:19] -- app: SELECT * FROM todo[]
D, [2020-11-04T17:17:20] -- app: SELECT * FROM todo WHERE id = ? LIMIT 1["3"]
D, [2020-11-04T17:17:22] -- app: SELECT * FROM todo WHERE id = ? LIMIT 1["3"]
D, [2020-11-04T17:17:22] -- app: SELECT * FROM todo WHERE id = ? LIMIT 1["3"]
D, [2020-11-04T17:17:23] -- app: SELECT * FROM todo WHERE id = ? LIMIT 1["3"]
D, [2020-11-04T17:17:23] -- app: SELECT * FROM todo WHERE id = ? LIMIT 1["3"]
D, [2020-11-04T17:18:04] -- app: drop table todo[]
D, [2020-11-04T17:18:04] -- app: CREATE TABLE "todo" ('id' INTEGER NOT NULL PRIMARY KEY AUTOINCREMENT, 'task' VARCHAR NOT NULL CHECK (length('task') <= 255), 'status' INTEGER NOT NULL)[]
D, [2020-11-04T17:18:04] -- app: SELECT * FROM todo[]
D, [2020-11-04T17:18:04] -- app: INSERT INTO todo (task, status) VALUES (?, ?), (?, ?), (?, ?)["Nim lang", "0", "Prologue web framework", "0", "Let\'s start to study Prologue web framework", "1"]
D, [2020-11-04T17:18:06] -- app: SELECT * FROM todo WHERE id = ? LIMIT 1["3"]
D, [2020-11-04T17:18:09] -- app: SELECT * FROM todo WHERE id = ? LIMIT 1["3"]
D, [2020-11-04T17:18:12] -- app: UPDATE todo SET task = ?, status = ? WHERE id = ?["Let\'s start to study Prologue web framework1", "0", "3"]
D, [2020-11-04T17:18:12] -- app: SELECT * FROM todo WHERE id = ? LIMIT 1["3"]
D, [2020-11-04T17:18:13] -- app: SELECT * FROM todo[]
D, [2020-11-04T17:18:16] -- app: SELECT * FROM todo WHERE id = ? LIMIT 1["3"]
D, [2020-11-04T17:18:18] -- app: SELECT * FROM todo[]
D, [2020-11-04T17:18:18] -- app: SELECT * FROM todo[]
D, [2020-11-04T17:18:19] -- app: SELECT * FROM todo[]
D, [2020-11-04T17:18:19] -- app: SELECT * FROM todo[]
D, [2020-11-04T17:18:19] -- app: SELECT * FROM todo[]
D, [2020-11-04T17:18:20] -- app: SELECT * FROM todo[]
D, [2020-11-04T17:18:23] -- app: INSERT INTO todo (task, status) VALUES (?, ?)["fgsgfgs", "0"]
D, [2020-11-04T17:18:25] -- app: SELECT * FROM todo[]
D, [2020-11-04T17:18:26] -- app: SELECT * FROM todo[]
D, [2020-11-04T17:18:29] -- app: INSERT INTO todo (task, status) VALUES (?, ?)["sdfgdfgsfgsdfg", "0"]
D, [2020-11-04T17:18:31] -- app: INSERT INTO todo (task, status) VALUES (?, ?)["qre", "0"]
D, [2020-11-04T17:18:31] -- app: SELECT * FROM todo[]
D, [2020-11-04T17:18:33] -- app: SELECT * FROM todo[]
D, [2020-11-04T17:18:34] -- app: SELECT * FROM todo[]
D, [2020-11-04T17:18:34] -- app: SELECT * FROM todo[]
D, [2020-11-04T17:18:35] -- app: SELECT * FROM todo[]
D, [2020-11-04T17:18:35] -- app: SELECT * FROM todo[]
D, [2020-11-04T17:18:36] -- app: SELECT * FROM todo[]
D, [2020-11-04T17:19:43] -- app: drop table todo[]
D, [2020-11-04T17:19:43] -- app: CREATE TABLE "todo" ('id' INTEGER NOT NULL PRIMARY KEY AUTOINCREMENT, 'task' VARCHAR NOT NULL CHECK (length('task') <= 255), 'status' INTEGER NOT NULL)[]
D, [2020-11-04T17:19:43] -- app: SELECT * FROM todo[]
D, [2020-11-04T17:19:43] -- app: INSERT INTO todo (task, status) VALUES (?, ?), (?, ?), (?, ?)["Nim lang", "0", "Prologue web framework", "0", "Let\'s start to study Prologue web framework", "1"]
D, [2020-11-04T17:19:46] -- app: SELECT * FROM todo[]
D, [2020-11-04T17:19:47] -- app: SELECT * FROM todo[]
D, [2020-11-04T17:19:48] -- app: SELECT * FROM todo[]
D, [2020-11-04T17:19:48] -- app: SELECT * FROM todo[]
D, [2020-11-04T17:19:51] -- app: INSERT INTO todo (task, status) VALUES (?, ?)["gtewrt", "0"]
D, [2020-11-04T17:19:52] -- app: INSERT INTO todo (task, status) VALUES (?, ?)["wrtwtrewe", "0"]
D, [2020-11-04T17:19:55] -- app: INSERT INTO todo (task, status) VALUES (?, ?)["ewrtyrujtyj67r", "0"]
D, [2020-11-04T17:19:55] -- app: SELECT * FROM todo[]
D, [2020-11-04T17:19:57] -- app: SELECT * FROM todo[]
D, [2020-11-04T17:19:57] -- app: SELECT * FROM todo[]
D, [2020-11-04T17:19:58] -- app: SELECT * FROM todo[]
D, [2020-11-04T17:19:59] -- app: SELECT * FROM todo WHERE id = ? LIMIT 1["5"]
D, [2020-11-04T17:20:01] -- app: UPDATE todo SET task = ?, status = ? WHERE id = ?["wrtwtrewe", "1", "5"]
D, [2020-11-04T17:20:01] -- app: SELECT * FROM todo WHERE id = ? LIMIT 1["5"]
D, [2020-11-04T17:20:02] -- app: SELECT * FROM todo[]
D, [2020-11-04T17:20:04] -- app: SELECT * FROM todo WHERE id = ? LIMIT 1["5"]
D, [2020-11-04T17:20:06] -- app: UPDATE todo SET task = ?, status = ? WHERE id = ?["wrtwtrewe", "0", "5"]
D, [2020-11-04T17:20:06] -- app: SELECT * FROM todo WHERE id = ? LIMIT 1["5"]
D, [2020-11-04T17:20:07] -- app: SELECT * FROM todo[]
D, [2020-11-04T17:20:09] -- app: SELECT * FROM todo WHERE id = ? LIMIT 1["5"]
D, [2020-11-04T17:20:10] -- app: SELECT * FROM todo WHERE id = ? LIMIT 1["5"]
D, [2020-11-04T17:20:13] -- app: SELECT * FROM todo WHERE id = ? LIMIT 1["5"]
D, [2020-11-04T17:20:14] -- app: SELECT * FROM todo WHERE id = ? LIMIT 1["5"]
D, [2020-11-04T17:20:15] -- app: SELECT * FROM todo[]
D, [2020-11-04T17:20:16] -- app: SELECT * FROM todo WHERE id = ? LIMIT 1["5"]
D, [2020-11-04T17:20:18] -- app: SELECT * FROM todo WHERE id = ? LIMIT 1["5"]
D, [2020-11-04T17:20:19] -- app: SELECT * FROM todo[]
D, [2020-11-04T17:20:20] -- app: SELECT * FROM todo WHERE id = ? LIMIT 1["5"]
D, [2020-11-04T17:20:22] -- app: SELECT * FROM todo WHERE id = ? LIMIT 1["5"]
D, [2020-11-04T17:20:23] -- app: SELECT * FROM todo[]
D, [2020-11-04T17:20:31] -- app: SELECT * FROM todo WHERE id = ? LIMIT 1["5"]
D, [2020-11-04T17:20:32] -- app: SELECT * FROM todo[]
D, [2020-11-04T17:20:34] -- app: SELECT * FROM todo[]
D, [2020-11-04T17:20:35] -- app: SELECT * FROM todo[]
D, [2020-11-04T17:20:35] -- app: SELECT * FROM todo[]
D, [2020-11-04T17:20:36] -- app: SELECT * FROM todo[]
D, [2020-11-04T17:20:36] -- app: SELECT * FROM todo[]
D, [2020-11-04T17:20:37] -- app: SELECT * FROM todo[]
D, [2020-11-04T17:21:37] -- app: drop table todo[]
D, [2020-11-04T17:21:37] -- app: CREATE TABLE "todo" ('id' INTEGER NOT NULL PRIMARY KEY AUTOINCREMENT, 'task' VARCHAR NOT NULL CHECK (length('task') <= 255), 'status' INTEGER NOT NULL)[]
D, [2020-11-04T17:21:37] -- app: SELECT * FROM todo[]
D, [2020-11-04T17:21:37] -- app: INSERT INTO todo (task, status) VALUES (?, ?), (?, ?), (?, ?)["Nim lang", "0", "Prologue web framework", "0", "Let\'s start to study Prologue web framework", "1"]
D, [2020-11-04T17:21:41] -- app: SELECT * FROM todo[]
D, [2020-11-04T17:21:42] -- app: SELECT * FROM todo[]
D, [2020-11-04T17:21:43] -- app: SELECT * FROM todo[]
D, [2020-11-04T17:21:43] -- app: SELECT * FROM todo[]
D, [2020-11-04T17:21:44] -- app: SELECT * FROM todo[]
D, [2020-11-04T17:21:44] -- app: SELECT * FROM todo[]
D, [2020-11-04T17:21:44] -- app: SELECT * FROM todo[]
D, [2020-11-04T17:21:45] -- app: SELECT * FROM todo[]
D, [2020-11-04T17:21:45] -- app: SELECT * FROM todo WHERE id = ? LIMIT 1["3"]
D, [2020-11-04T17:21:47] -- app: SELECT * FROM todo WHERE id = ? LIMIT 1["3"]
D, [2020-11-04T17:21:48] -- app: SELECT * FROM todo WHERE id = ? LIMIT 1["3"]
D, [2020-11-04T17:21:49] -- app: SELECT * FROM todo[]
D, [2020-11-04T17:21:50] -- app: SELECT * FROM todo[]
D, [2020-11-04T17:21:51] -- app: SELECT * FROM todo WHERE id = ? LIMIT 1["3"]
D, [2020-11-04T17:21:54] -- app: SELECT * FROM todo WHERE id = ? LIMIT 1["3"]
D, [2020-11-04T17:21:55] -- app: SELECT * FROM todo WHERE id = ? LIMIT 1["3"]
D, [2020-11-04T17:21:56] -- app: SELECT * FROM todo WHERE id = ? LIMIT 1["3"]
D, [2020-11-04T17:21:56] -- app: SELECT * FROM todo WHERE id = ? LIMIT 1["3"]
D, [2020-11-04T17:21:58] -- app: SELECT * FROM todo WHERE id = ? LIMIT 1["3"]
D, [2020-11-04T17:21:59] -- app: SELECT * FROM todo WHERE id = ? LIMIT 1["3"]
D, [2020-11-04T17:21:59] -- app: SELECT * FROM todo WHERE id = ? LIMIT 1["3"]
D, [2020-11-04T17:21:59] -- app: SELECT * FROM todo WHERE id = ? LIMIT 1["3"]
D, [2020-11-04T17:21:59] -- app: SELECT * FROM todo WHERE id = ? LIMIT 1["3"]
D, [2020-11-04T17:22:00] -- app: SELECT * FROM todo WHERE id = ? LIMIT 1["3"]
D, [2020-11-04T17:22:24] -- app: SELECT * FROM todo[]
D, [2020-11-04T17:22:25] -- app: SELECT * FROM todo WHERE id = ? LIMIT 1["3"]
D, [2020-11-04T17:22:26] -- app: SELECT * FROM todo WHERE id = ? LIMIT 1["3"]
D, [2020-11-04T17:22:28] -- app: SELECT * FROM todo WHERE id = ? LIMIT 1["3"]
D, [2020-11-04T17:22:29] -- app: SELECT * FROM todo WHERE id = ? LIMIT 1["3"]
D, [2020-11-04T17:23:50] -- app: drop table todo[]
D, [2020-11-04T17:23:50] -- app: CREATE TABLE "todo" ('id' INTEGER NOT NULL PRIMARY KEY AUTOINCREMENT, 'task' VARCHAR NOT NULL CHECK (length('task') <= 255), 'status' INTEGER NOT NULL)[]
D, [2020-11-04T17:23:50] -- app: SELECT * FROM todo[]
D, [2020-11-04T17:23:50] -- app: INSERT INTO todo (task, status) VALUES (?, ?), (?, ?), (?, ?)["Nim lang", "0", "Prologue web framework", "0", "Let\'s start to study Prologue web framework", "1"]
D, [2020-11-04T17:23:50] -- app: SELECT * FROM todo[]
D, [2020-11-04T17:23:54] -- app: INSERT INTO todo (task, status) VALUES (?, ?)["ertrwtwrt", "0"]
D, [2020-11-04T17:23:55] -- app: SELECT * FROM todo[]
D, [2020-11-04T17:23:57] -- app: SELECT * FROM todo[]
D, [2020-11-04T17:23:58] -- app: SELECT * FROM todo WHERE id = ? LIMIT 1["4"]
D, [2020-11-04T17:23:59] -- app: SELECT * FROM todo[]
D, [2020-11-04T17:24:00] -- app: SELECT * FROM todo[]
D, [2020-11-04T17:24:01] -- app: SELECT * FROM todo[]
D, [2020-11-04T17:24:01] -- app: SELECT * FROM todo[]
D, [2020-11-04T17:24:01] -- app: SELECT * FROM todo[]
D, [2020-11-04T17:24:01] -- app: SELECT * FROM todo[]
D, [2020-11-04T17:24:02] -- app: SELECT * FROM todo[]
D, [2020-11-04T17:24:05] -- app: SELECT * FROM todo[]
D, [2020-11-04T17:24:05] -- app: SELECT * FROM todo[]
D, [2020-11-04T17:24:10] -- app: SELECT * FROM todo WHERE id = ? LIMIT 1["3"]
D, [2020-11-04T17:24:12] -- app: SELECT * FROM todo[]
D, [2020-11-04T17:24:12] -- app: SELECT * FROM todo[]
D, [2020-11-04T17:24:13] -- app: SELECT * FROM todo[]
D, [2020-11-04T17:24:13] -- app: SELECT * FROM todo[]
D, [2020-11-04T17:24:13] -- app: SELECT * FROM todo[]
D, [2020-11-04T17:24:14] -- app: SELECT * FROM todo[]
D, [2020-11-04T17:24:14] -- app: SELECT * FROM todo[]
D, [2020-11-04T17:24:15] -- app: SELECT * FROM todo WHERE id = ? LIMIT 1["4"]
D, [2020-11-04T17:24:16] -- app: SELECT * FROM todo[]
D, [2020-11-04T17:24:17] -- app: SELECT * FROM todo[]
D, [2020-11-04T17:24:17] -- app: SELECT * FROM todo WHERE id = ? LIMIT 1["3"]
D, [2020-11-04T17:24:18] -- app: SELECT * FROM todo[]
D, [2020-11-04T17:26:04] -- app: drop table todo[]
D, [2020-11-04T17:26:04] -- app: CREATE TABLE "todo" ('id' INTEGER NOT NULL PRIMARY KEY AUTOINCREMENT, 'task' VARCHAR NOT NULL CHECK (length('task') <= 255), 'status' INTEGER NOT NULL)[]
D, [2020-11-04T17:26:04] -- app: SELECT * FROM todo[]
D, [2020-11-04T17:26:04] -- app: INSERT INTO todo (task, status) VALUES (?, ?), (?, ?), (?, ?)["Nim lang", "0", "Prologue web framework", "0", "Let\'s start to study Prologue web framework", "1"]
D, [2020-11-04T17:26:06] -- app: SELECT * FROM todo[]
D, [2020-11-04T17:26:07] -- app: SELECT * FROM todo[]
D, [2020-11-04T17:26:09] -- app: INSERT INTO todo (task, status) VALUES (?, ?)["fgdsg", "0"]
D, [2020-11-04T17:26:10] -- app: SELECT * FROM todo[]
D, [2020-11-04T17:26:11] -- app: SELECT * FROM todo[]
D, [2020-11-04T17:26:12] -- app: SELECT * FROM todo[]
D, [2020-11-04T17:26:12] -- app: SELECT * FROM todo[]
D, [2020-11-04T17:26:13] -- app: SELECT * FROM todo[]
D, [2020-11-04T17:26:13] -- app: SELECT * FROM todo[]
D, [2020-11-04T17:26:14] -- app: SELECT * FROM todo[]
D, [2020-11-04T17:26:14] -- app: SELECT * FROM todo WHERE id = ? LIMIT 1["3"]
D, [2020-11-04T17:26:15] -- app: SELECT * FROM todo[]
D, [2020-11-04T17:26:17] -- app: SELECT * FROM todo WHERE id = ? LIMIT 1["2"]
D, [2020-11-04T17:26:18] -- app: SELECT * FROM todo[]
D, [2020-11-04T17:26:19] -- app: SELECT * FROM todo WHERE id = ? LIMIT 1["1"]
D, [2020-11-04T17:26:20] -- app: SELECT * FROM todo[]
D, [2020-11-04T17:26:21] -- app: SELECT * FROM todo[]
D, [2020-11-04T17:26:23] -- app: SELECT * FROM todo[]
D, [2020-11-04T17:26:34] -- app: SELECT * FROM todo[]
D, [2020-11-04T17:29:00] -- app: drop table todo[]
D, [2020-11-04T17:29:00] -- app: CREATE TABLE "todo" ('id' INTEGER NOT NULL PRIMARY KEY AUTOINCREMENT, 'task' VARCHAR NOT NULL CHECK (length('task') <= 255), 'status' INTEGER NOT NULL)[]
D, [2020-11-04T17:29:00] -- app: SELECT * FROM todo[]
D, [2020-11-04T17:29:00] -- app: INSERT INTO todo (task, status) VALUES (?, ?), (?, ?), (?, ?)["Nim lang", "0", "Prologue web framework", "0", "Let\'s start to study Prologue web framework", "1"]
D, [2020-11-04T17:29:02] -- app: SELECT * FROM todo[]
D, [2020-11-04T17:29:03] -- app: SELECT * FROM todo[]
D, [2020-11-04T17:29:05] -- app: SELECT * FROM todo[]
D, [2020-11-04T17:29:28] -- app: drop table todo[]
D, [2020-11-04T17:29:28] -- app: CREATE TABLE "todo" ('id' INTEGER NOT NULL PRIMARY KEY AUTOINCREMENT, 'task' VARCHAR NOT NULL CHECK (length('task') <= 255), 'status' INTEGER NOT NULL)[]
D, [2020-11-04T17:29:28] -- app: SELECT * FROM todo[]
D, [2020-11-04T17:29:28] -- app: INSERT INTO todo (task, status) VALUES (?, ?), (?, ?), (?, ?)["Nim lang", "0", "Prologue web framework", "0", "Let\'s start to study Prologue web framework", "1"]
D, [2020-11-04T17:29:31] -- app: SELECT * FROM todo[]
D, [2020-11-04T17:29:33] -- app: SELECT * FROM todo[]
D, [2020-11-04T17:29:33] -- app: SELECT * FROM todo[]
D, [2020-11-04T17:29:34] -- app: SELECT * FROM todo[]
D, [2020-11-04T17:29:34] -- app: SELECT * FROM todo[]
D, [2020-11-04T17:30:10] -- app: drop table todo[]
D, [2020-11-04T17:30:10] -- app: CREATE TABLE "todo" ('id' INTEGER NOT NULL PRIMARY KEY AUTOINCREMENT, 'task' VARCHAR NOT NULL CHECK (length('task') <= 255), 'status' INTEGER NOT NULL)[]
D, [2020-11-04T17:30:10] -- app: SELECT * FROM todo[]
D, [2020-11-04T17:30:10] -- app: INSERT INTO todo (task, status) VALUES (?, ?), (?, ?), (?, ?)["Nim lang", "0", "Prologue web framework", "0", "Let\'s start to study Prologue web framework", "1"]
D, [2020-11-04T17:30:12] -- app: SELECT * FROM todo[]
D, [2020-11-04T17:30:13] -- app: SELECT * FROM todo[]
D, [2020-11-04T17:30:18] -- app: DELETE FROM todo WHERE id = ?["1"]
D, [2020-11-04T17:30:18] -- app: SELECT * FROM todo[]
D, [2020-11-04T17:30:21] -- app: SELECT * FROM todo[]
D, [2020-11-04T17:30:21] -- app: SELECT * FROM todo[]
D, [2020-11-04T17:30:22] -- app: SELECT * FROM todo[]
D, [2020-11-04T17:30:23] -- app: SELECT * FROM todo[]
